The system is: Windows - 10.0.19041 - AMD64
Compiling the C compiler identification source file "CMakeCCompilerId.c" succeeded.
Compiler: C:/Program Files (x86)/Microsoft Visual Studio/2019/Community/VC/Tools/MSVC/14.27.29110/bin/Hostx86/x86/cl.exe 
Build flags: 
Id flags:  

The output was:
0
Microsoft (R) Kompilator optymalizujący C/C++, wersja 19.27.29112 dla architektury x86
Copyright (C) Microsoft Corporation. Wszystkie prawa zastrzeżone.

CMakeCCompilerId.c
Microsoft (R) Incremental Linker Version 14.27.29112.0
Copyright (C) Microsoft Corporation.  All rights reserved.

/out:CMakeCCompilerId.exe 
CMakeCCompilerId.obj 


Compilation of the C compiler identification source "CMakeCCompilerId.c" produced "CMakeCCompilerId.exe"

Compilation of the C compiler identification source "CMakeCCompilerId.c" produced "CMakeCCompilerId.obj"

The C compiler identification is MSVC, found in "C:/Users/Piotr/Desktop/Programowanie/Chess/cmake-build-debug/CMakeFiles/3.17.3/CompilerIdC/CMakeCCompilerId.exe"

Determining if the C compiler works passed with the following output:
Change Dir: C:/Users/Piotr/Desktop/Programowanie/Chess/cmake-build-debug/CMakeFiles/CMakeTmp

Run Build Command(s):nmake /nologo cmTC_13e2c\fast && 	"C:\Program Files (x86)\Microsoft Visual Studio\2019\Community\VC\Tools\MSVC\14.27.29110\bin\HostX86\x86\nmake.exe"  -f CMakeFiles\cmTC_13e2c.dir\build.make /nologo -L                  CMakeFiles\cmTC_13e2c.dir\build
Building C object CMakeFiles/cmTC_13e2c.dir/testCCompiler.c.obj
	C:\PROGRA~2\MICROS~2\2019\COMMUN~1\VC\Tools\MSVC\1427~1.291\bin\Hostx86\x86\cl.exe @C:\Users\Piotr\AppData\Local\Temp\nmF15D.tmp
testCCompiler.c
Linking C executable cmTC_13e2c.exe
	"C:\Program Files\JetBrains\CLion 2020.3\bin\cmake\win\bin\cmake.exe" -E vs_link_exe --intdir=CMakeFiles\cmTC_13e2c.dir --rc=C:\PROGRA~2\WI3CF2~1\10\bin\100183~1.0\x86\rc.exe --mt=C:\PROGRA~2\WI3CF2~1\10\bin\100183~1.0\x86\mt.exe --manifests  -- C:\PROGRA~2\MICROS~2\2019\COMMUN~1\VC\Tools\MSVC\1427~1.291\bin\Hostx86\x86\link.exe /nologo @CMakeFiles\cmTC_13e2c.dir\objects1.rsp @C:\Users\Piotr\AppData\Local\Temp\nmF2F5.tmp



Detecting C compiler ABI info compiled with the following output:
Change Dir: C:/Users/Piotr/Desktop/Programowanie/Chess/cmake-build-debug/CMakeFiles/CMakeTmp

Run Build Command(s):nmake /nologo cmTC_49527\fast && 	"C:\Program Files (x86)\Microsoft Visual Studio\2019\Community\VC\Tools\MSVC\14.27.29110\bin\HostX86\x86\nmake.exe"  -f CMakeFiles\cmTC_49527.dir\build.make /nologo -L                  CMakeFiles\cmTC_49527.dir\build
Building C object CMakeFiles/cmTC_49527.dir/CMakeCCompilerABI.c.obj
	C:\PROGRA~2\MICROS~2\2019\COMMUN~1\VC\Tools\MSVC\1427~1.291\bin\Hostx86\x86\cl.exe @C:\Users\Piotr\AppData\Local\Temp\nmF536.tmp
CMakeCCompilerABI.c
Linking C executable cmTC_49527.exe
	"C:\Program Files\JetBrains\CLion 2020.3\bin\cmake\win\bin\cmake.exe" -E vs_link_exe --intdir=CMakeFiles\cmTC_49527.dir --rc=C:\PROGRA~2\WI3CF2~1\10\bin\100183~1.0\x86\rc.exe --mt=C:\PROGRA~2\WI3CF2~1\10\bin\100183~1.0\x86\mt.exe --manifests  -- C:\PROGRA~2\MICROS~2\2019\COMMUN~1\VC\Tools\MSVC\1427~1.291\bin\Hostx86\x86\link.exe /nologo @CMakeFiles\cmTC_49527.dir\objects1.rsp @C:\Users\Piotr\AppData\Local\Temp\nmF5B4.tmp



